The system is: Windows - 10.0.17763 - AMD64
Compiling the C compiler identification source file "CMakeCCompilerId.c" succeeded.
Compiler: C:/MinGW/bin/gcc.exe 
Build flags: 
Id flags:  

The output was:
0


Compilation of the C compiler identification source "CMakeCCompilerId.c" produced "a.exe"

The C compiler identification is GNU, found in "C:/Users/TAEHUI LEE/CLionProjects/20200517/cmake-build-debug/CMakeFiles/3.15.3/CompilerIdC/a.exe"

Compiling the CXX compiler identification source file "CMakeCXXCompilerId.cpp" succeeded.
Compiler: C:/MinGW/bin/g++.exe 
Build flags: 
Id flags:  

The output was:
0


Compilation of the CXX compiler identification source "CMakeCXXCompilerId.cpp" produced "a.exe"

The CXX compiler identification is GNU, found in "C:/Users/TAEHUI LEE/CLionProjects/20200517/cmake-build-debug/CMakeFiles/3.15.3/CompilerIdCXX/a.exe"

Determining if the C compiler works passed with the following output:
Change Dir: C:/Users/TAEHUI LEE/CLionProjects/20200517/cmake-build-debug/CMakeFiles/CMakeTmp

Run Build Command(s):C:/MinGW/bin/mingw32-make.exe cmTC_e11ca/fast && C:/MinGW/bin/mingw32-make.exe -f CMakeFiles\cmTC_e11ca.dir\build.make CMakeFiles/cmTC_e11ca.dir/build
mingw32-make.exe[1]: Entering directory 'C:/Users/TAEHUI LEE/CLionProjects/20200517/cmake-build-debug/CMakeFiles/CMakeTmp'
Building C object CMakeFiles/cmTC_e11ca.dir/testCCompiler.c.obj
C:\MinGW\bin\gcc.exe    -o CMakeFiles\cmTC_e11ca.dir\testCCompiler.c.obj   -c "C:\Users\TAEHUI LEE\CLionProjects\20200517\cmake-build-debug\CMakeFiles\CMakeTmp\testCCompiler.c"
Linking C executable cmTC_e11ca.exe
"C:\Program Files\JetBrains\CLion 2019.3.3\bin\cmake\win\bin\cmake.exe" -E cmake_link_script CMakeFiles\cmTC_e11ca.dir\link.txt --verbose=1
"C:\Program Files\JetBrains\CLion 2019.3.3\bin\cmake\win\bin\cmake.exe" -E remove -f CMakeFiles\cmTC_e11ca.dir/objects.a
C:\MinGW\bin\ar.exe cr CMakeFiles\cmTC_e11ca.dir/objects.a @CMakeFiles\cmTC_e11ca.dir\objects1.rsp
C:\MinGW\bin\gcc.exe      -Wl,--whole-archive CMakeFiles\cmTC_e11ca.dir/objects.a -Wl,--no-whole-archive  -o cmTC_e11ca.exe -Wl,--out-implib,libcmTC_e11ca.dll.a -Wl,--major-image-version,0,--minor-image-version,0 @CMakeFiles\cmTC_e11ca.dir\linklibs.rsp
mingw32-make.exe[1]: Leaving directory 'C:/Users/TAEHUI LEE/CLionProjects/20200517/cmake-build-debug/CMakeFiles/CMakeTmp'



